<network>
  <name>test-network</name>
  <forward mode='nat'>
    <nat>
      <port start='1024' end='65535'/>
    </nat>
  </forward>
  <bridge name='virbr-test' stp='on' delay='0'/>
  <mac address='52:54:00:10:10:01'/>
  <ip address='10.10.10.1' netmask='255.255.255.0'>
    <dhcp>
      <range start='10.10.10.11' end='10.10.10.99'/>
      <host mac='52:54:00:10:10:11' ip='10.10.10.11'/>
      <host mac='52:54:00:10:10:12' ip='10.10.10.12'/>
      <host mac='52:54:00:10:10:13' ip='10.10.10.13'/>
    </dhcp>
  </ip>
</network>
